La génération a démarré 13/11/2011 18:35:59.
     1>Projet "C:\Users\Nonore\Documents\IMAC\GiftFactory\GiftFactory\GiftFactory.vcxproj" sur le nœud 2 (build cible(s)).
     1>InitializeBuildStatus:
         Mise à jour de l'horodatage "Release\GiftFactory.unsuccessfulbuild".
       ClCompile:
         Toutes les sorties sont à jour.
       Link:
         c:\Program Files (x86)\Microsoft Visual Studio 10.0\VC\bin\link.exe /ERRORREPORT:PROMPT /OUT:"C:\Users\Nonore\Documents\IMAC\GiftFactory\GiftFactory\Release\GiftFactory.exe" /INCREMENTAL:NO /NOLOGO /LIBPATH:../Dependencies/lib SDL.lib SDLmain.lib glew32.lib glu32.lib glut32.lib opengl32.lib kernel32.lib user32.lib gdi32.lib winspool.lib comdlg32.lib advapi32.lib shell32.lib ole32.lib oleaut32.lib uuid.lib odbc32.lib odbccp32.lib /MANIFEST /ManifestFile:"Release\GiftFactory.exe.intermediate.manifest" /MANIFESTUAC:"level='asInvoker' uiAccess='false'" /DEBUG /PDB:"C:\Users\Nonore\Documents\IMAC\GiftFactory\GiftFactory\Release\GiftFactory.pdb" /SUBSYSTEM:CONSOLE /OPT:REF /OPT:ICF /LTCG /TLBID:1 /DYNAMICBASE /NXCOMPAT /IMPLIB:"C:\Users\Nonore\Documents\IMAC\GiftFactory\GiftFactory\Release\GiftFactory.lib" /MACHINE:X86 Release\Application.obj
         Release\Camera.obj
         Release\main.obj
         Release\model_obj.obj
         Release\Object.obj
         Release\Scene.obj
         Release\ShaderManager.obj
         Release\Utils.obj
     1>Object.obj : error LNK2001: symbole externe non résolu "public: __thiscall Bitmap::~Bitmap(void)" (??1Bitmap@@QAE@XZ)
     1>Object.obj : error LNK2001: symbole externe non résolu "public: __thiscall Bitmap::Bitmap(void)" (??0Bitmap@@QAE@XZ)
     1>C:\Users\Nonore\Documents\IMAC\GiftFactory\GiftFactory\Release\GiftFactory.exe : fatal error LNK1120: 2 externes non résolus
     1>Génération du projet "C:\Users\Nonore\Documents\IMAC\GiftFactory\GiftFactory\GiftFactory.vcxproj" terminée (build cible(s)) -- ÉCHEC.

ÉCHEC de la build.

Temps écoulé 00:00:00.70
