La génération a démarré 15/12/2011 22:22:38.
     1>Projet "C:\Users\Nonore\Documents\IMAC\GiftFactory\GiftFactoryCuda\GiftFactory.vcxproj" sur le nœud 2 (build cible(s)).
     1>InitializeBuildStatus:
         Mise à jour de l'horodatage "Debug\GiftFactory.unsuccessfulbuild".
       ClCompile:
         c:\Program Files (x86)\Microsoft Visual Studio 10.0\VC\bin\CL.exe /c /I../Dependencies/include /ZI /nologo /W3 /WX- /Od /Oy- /D _UNICODE /D UNICODE /Gm /EHsc /RTC1 /MDd /GS /fp:precise /Zc:wchar_t /Zc:forScope /Fo"Debug\\" /Fd"Debug\vc100.pdb" /Gd /TP /analyze- /errorReport:prompt src\ObjectManager.cpp
         ObjectManager.cpp
     1>c:\program files (x86)\microsoft sdks\windows\v7.0a\include\windef.h(126): warning C4005: 'APIENTRY' : redéfinition de macro
                 c:\users\nonore\documents\imac\giftfactory\dependencies\include\gl\glew.h(113) : voir la définition précédente de 'APIENTRY'
     1>c:\program files (x86)\microsoft sdks\windows\v7.0a\include\wingdi.h(30): warning C4005: 'WINGDIAPI' : redéfinition de macro
                 c:\users\nonore\documents\imac\giftfactory\dependencies\include\gl\glew.h(137) : voir la définition précédente de 'WINGDIAPI'
       ManifestResourceCompile:
         Toutes les sorties sont à jour.
       Link:
         c:\Program Files (x86)\Microsoft Visual Studio 10.0\VC\bin\link.exe /ERRORREPORT:PROMPT /OUT:"C:\Users\Nonore\Documents\IMAC\GiftFactory\GiftFactoryCuda\Debug\GiftFactory.exe" /INCREMENTAL /NOLOGO /LIBPATH:../Dependencies/lib cudart.lib irrKlang.lib opengl32.lib SDL.lib SDLmain.lib SDL_image.lib glew32.lib glu32.lib kernel32.lib user32.lib gdi32.lib winspool.lib comdlg32.lib advapi32.lib shell32.lib ole32.lib oleaut32.lib uuid.lib odbc32.lib odbccp32.lib /MANIFEST /ManifestFile:"Debug\GiftFactory.exe.intermediate.manifest" /MANIFESTUAC:"level='asInvoker' uiAccess='false'" /DEBUG /PDB:"C:\Users\Nonore\Documents\IMAC\GiftFactory\GiftFactoryCuda\Debug\GiftFactory.pdb" /SUBSYSTEM:CONSOLE /TLBID:1 /DYNAMICBASE /NXCOMPAT /IMPLIB:"C:\Users\Nonore\Documents\IMAC\GiftFactory\GiftFactoryCuda\Debug\GiftFactory.lib" /MACHINE:X86 Debug\GiftFactory.exe.embed.manifest.res
         Debug\Application.obj
         Debug\Camera.obj
         Debug\cuda_functions.obj
         Debug\main.obj
         Debug\model_obj.obj
         Debug\Object.obj
         Debug\ObjectManager.obj
         Debug\Scene.obj
         Debug\ShaderManager.obj
         Debug\Spline.obj
         Debug\TextureManager.obj
         Debug\Utils.obj
     1>MSVCRTD.lib(cinitexe.obj) : warning LNK4098: conflit entre la bibliothèque par défaut 'msvcrt.lib' et les autres bibliothèques ; utilisez /NODEFAULTLIB:library
       Manifest:
         C:\Program Files (x86)\Microsoft SDKs\Windows\v7.0A\bin\mt.exe /nologo /verbose /out:"Debug\GiftFactory.exe.embed.manifest" /manifest Debug\GiftFactory.exe.intermediate.manifest
         Toutes les sorties sont à jour.
       LinkEmbedManifest:
         Toutes les sorties sont à jour.
         GiftFactory.vcxproj -> C:\Users\Nonore\Documents\IMAC\GiftFactory\GiftFactoryCuda\Debug\GiftFactory.exe
       FinalizeBuildStatus:
         Suppression du fichier "Debug\GiftFactory.unsuccessfulbuild".
         Mise à jour de l'horodatage "Debug\GiftFactory.lastbuildstate".
     1>Génération du projet "C:\Users\Nonore\Documents\IMAC\GiftFactory\GiftFactoryCuda\GiftFactory.vcxproj" terminée (build cible(s)).

La génération a réussi.

Temps écoulé 00:00:05.45
